0 info it worked if it ends with ok
1 verbose cli [ 'node', '/usr/bin/npm', 'i', 'ngFx', '--save' ]
2 info using npm@2.7.1
3 info using node@v0.10.29
4 verbose node symlink /usr/bin/node
5 warn package.json passport-local@0.1.6 No README data
6 silly cache add args [ 'ngFx', null ]
7 verbose cache add spec ngFx
8 silly cache add parsed spec { raw: 'ngFx',
8 silly cache add   scope: null,
8 silly cache add   name: 'ngFx',
8 silly cache add   rawSpec: '',
8 silly cache add   spec: '*',
8 silly cache add   type: 'range' }
9 verbose addNamed ngFx@*
10 silly addNamed semver.valid null
11 silly addNamed semver.validRange *
12 silly addNameRange { name: 'ngFx', range: '*', hasData: false }
13 silly mapToRegistry name ngFx
14 silly mapToRegistry using default registry
15 silly mapToRegistry registry https://registry.npmjs.org/
16 silly mapToRegistry uri https://registry.npmjs.org/ngFx
17 verbose addNameRange registry:https://registry.npmjs.org/ngFx not in flight; fetching
18 verbose request uri https://registry.npmjs.org/ngFx
19 verbose request no auth needed
20 info attempt registry request try #1 at 10:39:51
21 verbose request id 11e62349cf9d7ce1
22 http request GET https://registry.npmjs.org/ngFx
23 http 404 https://registry.npmjs.org/ngFx
24 verbose headers { date: 'Sat, 18 Apr 2015 08:39:50 GMT',
24 verbose headers   server: 'CouchDB/1.5.0 (Erlang OTP/R16B03)',
24 verbose headers   'content-type': 'application/json',
24 verbose headers   'cache-control': 'max-age=0',
24 verbose headers   'content-length': '51',
24 verbose headers   'accept-ranges': 'bytes',
24 verbose headers   via: '1.1 varnish',
24 verbose headers   age: '0',
24 verbose headers   'x-served-by': 'cache-fra1242-FRA',
24 verbose headers   'x-cache': 'MISS',
24 verbose headers   'x-cache-hits': '0',
24 verbose headers   'x-timer': 'S1429346389.923906,VS0,VE178',
24 verbose headers   'keep-alive': 'timeout=10, max=50',
24 verbose headers   connection: 'Keep-Alive' }
25 silly get cb [ 404,
25 silly get   { date: 'Sat, 18 Apr 2015 08:39:50 GMT',
25 silly get     server: 'CouchDB/1.5.0 (Erlang OTP/R16B03)',
25 silly get     'content-type': 'application/json',
25 silly get     'cache-control': 'max-age=0',
25 silly get     'content-length': '51',
25 silly get     'accept-ranges': 'bytes',
25 silly get     via: '1.1 varnish',
25 silly get     age: '0',
25 silly get     'x-served-by': 'cache-fra1242-FRA',
25 silly get     'x-cache': 'MISS',
25 silly get     'x-cache-hits': '0',
25 silly get     'x-timer': 'S1429346389.923906,VS0,VE178',
25 silly get     'keep-alive': 'timeout=10, max=50',
25 silly get     connection: 'Keep-Alive' } ]
26 verbose stack Error: 404 Not Found: ngFx
26 verbose stack     at CachingRegistryClient.<anonymous> (/usr/lib/node_modules/npm/node_modules/npm-registry-client/lib/request.js:251:14)
26 verbose stack     at Request._callback (/usr/lib/node_modules/npm/node_modules/npm-registry-client/lib/request.js:178:14)
26 verbose stack     at Request.self.callback (/usr/lib/node_modules/npm/node_modules/request/request.js:344:22)
26 verbose stack     at Request.emit (events.js:98:17)
26 verbose stack     at Request.<anonymous> (/usr/lib/node_modules/npm/node_modules/request/request.js:1239:14)
26 verbose stack     at Request.emit (events.js:117:20)
26 verbose stack     at IncomingMessage.<anonymous> (/usr/lib/node_modules/npm/node_modules/request/request.js:1187:12)
26 verbose stack     at IncomingMessage.emit (events.js:117:20)
26 verbose stack     at _stream_readable.js:929:16
26 verbose stack     at process._tickCallback (node.js:419:13)
27 verbose statusCode 404
28 verbose pkgid ngFx
29 verbose cwd /home/ukasz/Dokumenty/myMutu
30 error Linux 3.16.0-4-amd64
31 error argv "node" "/usr/bin/npm" "i" "ngFx" "--save"
32 error node v0.10.29
33 error npm  v2.7.1
34 error code E404
35 error 404 Not Found: ngFx
35 error 404
35 error 404 'ngFx' is not in the npm registry.
35 error 404 You should bug the author to publish it (or use the name yourself!)
35 error 404 It was specified as a dependency of 'my-mutu'
35 error 404
35 error 404 Note that you can also install from a
35 error 404 tarball, folder, http url, or git url.
36 verbose exit [ 1, true ]
